Fri Jun 21 11:19:20 2024
: Added book: To Kill a Mockingbird
Fri Jun 21 11:19:20 2024
: Added book: 1984
Fri Jun 21 11:19:20 2024
: Added book: Pride and Prejudice
Fri Jun 21 11:19:20 2024
: Added book: The Great Gatsby
Fri Jun 21 11:19:20 2024
: Added book: Moby-Dick
Fri Jun 21 11:19:20 2024
: Added book: War and Peace
Fri Jun 21 11:19:20 2024
: Added book: The Catcher in the Rye
Fri Jun 21 11:19:20 2024
: Added book: The Lord of the Rings
Fri Jun 21 11:19:20 2024
: Added book: The Hobbit
Fri Jun 21 11:19:20 2024
: Added book: Brave New World
Fri Jun 21 11:19:20 2024
: Added book: Jane Eyre
Fri Jun 21 11:19:20 2024
: Added book: Wuthering Heights
Fri Jun 21 11:19:20 2024
: Added book: The Odyssey
Fri Jun 21 11:19:20 2024
: Added book: Crime and Punishment
Fri Jun 21 11:19:20 2024
: Added book: Anna Karenina
Fri Jun 21 11:19:20 2024
: Added book: The Brothers Karamazov
Fri Jun 21 11:19:20 2024
: Added book: Frankenstein
Fri Jun 21 11:19:20 2024
: Added book: The Iliad
Fri Jun 21 11:19:20 2024
: Added book: Great Expectations
Fri Jun 21 11:19:20 2024
: Added book: The Scarlet Letter
Fri Jun 21 11:19:20 2024
: Added book: Moby-Dick
Fri Jun 21 11:19:20 2024
: Added book: The Picture of Dorian Gray
Fri Jun 21 11:19:20 2024
: Added book: Dracula
Fri Jun 21 11:19:20 2024
: Added book: The Count of Monte Cristo
Fri Jun 21 11:19:20 2024
: Added book: Les Misérables
Fri Jun 21 11:19:20 2024
: Added book: A Tale of Two Cities
Fri Jun 21 11:19:20 2024
: Added book: Don Quixote
Fri Jun 21 11:19:20 2024
: Added book: The Divine Comedy
Fri Jun 21 11:19:20 2024
: Added book: The Aeneid
Fri Jun 21 11:19:20 2024
: Added book: Madame Bovary
Fri Jun 21 11:19:20 2024
: Added book: The Metamorphosis
Fri Jun 21 11:19:20 2024
: Added book: The Trial
Fri Jun 21 11:19:20 2024
: Added book: The Stranger
Fri Jun 21 11:19:20 2024
: Added book: Heart of Darkness
Fri Jun 21 11:19:20 2024
: Added book: The Sun Also Rises
Fri Jun 21 11:19:20 2024
: Added book: The Old Man and the Sea
Fri Jun 21 11:19:20 2024
: Added book: One Hundred Years of Solitude
Fri Jun 21 11:19:20 2024
: Added book: Love in the Time of Cholera
Fri Jun 21 11:19:20 2024
: Added book: Ulysses
Fri Jun 21 11:19:20 2024
: Added book: Dubliners
Fri Jun 21 11:19:20 2024
: Added book: The Catcher in the Rye
Fri Jun 21 11:19:20 2024
: Added book: Fahrenheit 451
Fri Jun 21 11:19:20 2024
: Added book: The Grapes of Wrath
Fri Jun 21 11:19:20 2024
: Added book: Of Mice and Men
Fri Jun 21 11:19:20 2024
: Added book: East of Eden
Fri Jun 21 11:19:20 2024
: Added book: Gone with the Wind
Fri Jun 21 11:19:20 2024
: Added book: Catch-22
Fri Jun 21 11:19:20 2024
: Added book: The Handmaid's Tale
Fri Jun 21 11:19:20 2024
: Added book: Beloved
Fri Jun 21 11:19:20 2024
: Added book: The Road
Fri Jun 21 11:19:20 2024
: Added book: Slaughterhouse-Five
Fri Jun 21 11:19:20 2024
: Added book: A Clockwork Orange
Fri Jun 21 11:19:20 2024
: Added book: The Sound and the Fury
Fri Jun 21 11:19:20 2024
: Added book: Invisible Man
Fri Jun 21 11:19:20 2024
: Added book: The Catcher in the Rye
Fri Jun 21 11:19:20 2024
: Added book: Animal Farm
Fri Jun 21 11:19:20 2024
: Added book: Lord of the Flies
Fri Jun 21 11:19:20 2024
: Added book: The Adventures of Huckleberry Finn
Fri Jun 21 11:19:20 2024
: Added book: The Adventures of Tom Sawyer
Fri Jun 21 11:19:20 2024
: Added book: The Call of the Wild
Fri Jun 21 11:19:20 2024
: Added book: White Fang
Fri Jun 21 11:19:20 2024
: Added book: The Jungle
Fri Jun 21 11:19:20 2024
: Added book: The Scarlet Letter
Fri Jun 21 11:19:20 2024
: Added book: The Grapes of Wrath
Fri Jun 21 11:19:20 2024
: Added book: The Old Man and the Sea
Fri Jun 21 11:19:20 2024
: Added book: The Sun Also Rises
Fri Jun 21 11:19:20 2024
: Added book: For Whom the Bell Tolls
Fri Jun 21 11:19:20 2024
: Added book: One Hundred Years of Solitude
Fri Jun 21 11:19:20 2024
: Added book: Love in the Time of Cholera
Fri Jun 21 11:19:20 2024
: Added book: Ulysses
Fri Jun 21 11:19:20 2024
: Added book: Dubliners
Fri Jun 21 11:19:20 2024
: Added book: Moby-Dick
Fri Jun 21 11:19:20 2024
: Added book: The Iliad
Fri Jun 21 11:19:20 2024
: Added book: The Odyssey
Fri Jun 21 11:19:20 2024
: Added book: Pride and Prejudice
Fri Jun 21 11:19:20 2024
: Added book: Wuthering Heights
Fri Jun 21 11:19:20 2024
: Added book: Jane Eyre
Fri Jun 21 11:19:20 2024
: Added book: The Count of Monte Cristo
Fri Jun 21 11:19:20 2024
: Added book: Les Misérables
Fri Jun 21 11:19:20 2024
: Added book: A Tale of Two Cities
Fri Jun 21 11:19:20 2024
: Added book: Great Expectations
Fri Jun 21 11:19:20 2024
: Added book: David Copperfield
Fri Jun 21 11:19:20 2024
: Added book: Little Women
Fri Jun 21 11:19:20 2024
: Added book: Emma
Fri Jun 21 11:19:20 2024
: Added book: Sense and Sensibility
Fri Jun 21 11:19:20 2024
: Added book: Mansfield Park
Fri Jun 21 11:19:20 2024
: Added book: Northanger Abbey
Fri Jun 21 11:19:20 2024
: Added book: Persuasion
Fri Jun 21 11:19:20 2024
: Added book: Frankenstein
Fri Jun 21 11:19:20 2024
: Added book: Dracula
Fri Jun 21 11:19:20 2024
: Added book: The Picture of Dorian Gray
Fri Jun 21 11:19:20 2024
: Added book: Heart of Darkness
Fri Jun 21 11:19:20 2024
: Added book: The Brothers Karamazov
Fri Jun 21 11:19:20 2024
: Added book: Crime and Punishment
Fri Jun 21 11:19:20 2024
: Added book: Anna Karenina
Fri Jun 21 11:19:20 2024
: Added book: War and Peace
Fri Jun 21 11:19:20 2024
: Added book: The Metamorphosis
Fri Jun 21 11:19:20 2024
: Added book: The Trial
Fri Jun 21 11:19:20 2024
: Added book: The Stranger
Fri Jun 21 11:19:20 2024
: Added book: The Plague
Fri Jun 21 11:19:22 2024
: Added book: To Kill a Mockingbird
Fri Jun 21 11:19:22 2024
: Added book: 1984
Fri Jun 21 11:19:22 2024
: Added book: Pride and Prejudice
Fri Jun 21 11:19:22 2024
: Added book: The Great Gatsby
Fri Jun 21 11:19:22 2024
: Added book: Moby-Dick
Fri Jun 21 11:19:22 2024
: Added book: War and Peace
Fri Jun 21 11:19:22 2024
: Added book: The Catcher in the Rye
Fri Jun 21 11:19:22 2024
: Added book: The Lord of the Rings
Fri Jun 21 11:19:22 2024
: Added book: The Hobbit
Fri Jun 21 11:19:22 2024
: Added book: Brave New World
Fri Jun 21 11:19:22 2024
: Added book: Jane Eyre
Fri Jun 21 11:19:22 2024
: Added book: Wuthering Heights
Fri Jun 21 11:19:22 2024
: Added book: The Odyssey
Fri Jun 21 11:19:22 2024
: Added book: Crime and Punishment
Fri Jun 21 11:19:22 2024
: Added book: Anna Karenina
Fri Jun 21 11:19:22 2024
: Added book: The Brothers Karamazov
Fri Jun 21 11:19:22 2024
: Added book: Frankenstein
Fri Jun 21 11:19:22 2024
: Added book: The Iliad
Fri Jun 21 11:19:22 2024
: Added book: Great Expectations
Fri Jun 21 11:19:22 2024
: Added book: The Scarlet Letter
Fri Jun 21 11:19:22 2024
: Added book: Moby-Dick
Fri Jun 21 11:19:22 2024
: Added book: The Picture of Dorian Gray
Fri Jun 21 11:19:22 2024
: Added book: Dracula
Fri Jun 21 11:19:22 2024
: Added book: The Count of Monte Cristo
Fri Jun 21 11:19:22 2024
: Added book: Les Misérables
Fri Jun 21 11:19:22 2024
: Added book: A Tale of Two Cities
Fri Jun 21 11:19:22 2024
: Added book: Don Quixote
Fri Jun 21 11:19:22 2024
: Added book: The Divine Comedy
Fri Jun 21 11:19:22 2024
: Added book: The Aeneid
Fri Jun 21 11:19:22 2024
: Added book: Madame Bovary
Fri Jun 21 11:19:22 2024
: Added book: The Metamorphosis
Fri Jun 21 11:19:22 2024
: Added book: The Trial
Fri Jun 21 11:19:22 2024
: Added book: The Stranger
Fri Jun 21 11:19:22 2024
: Added book: Heart of Darkness
Fri Jun 21 11:19:22 2024
: Added book: The Sun Also Rises
Fri Jun 21 11:19:22 2024
: Added book: The Old Man and the Sea
Fri Jun 21 11:19:22 2024
: Added book: One Hundred Years of Solitude
Fri Jun 21 11:19:22 2024
: Added book: Love in the Time of Cholera
Fri Jun 21 11:19:22 2024
: Added book: Ulysses
Fri Jun 21 11:19:22 2024
: Added book: Dubliners
Fri Jun 21 11:19:22 2024
: Added book: The Catcher in the Rye
Fri Jun 21 11:19:22 2024
: Added book: Fahrenheit 451
Fri Jun 21 11:19:22 2024
: Added book: The Grapes of Wrath
Fri Jun 21 11:19:22 2024
: Added book: Of Mice and Men
Fri Jun 21 11:19:22 2024
: Added book: East of Eden
Fri Jun 21 11:19:22 2024
: Added book: Gone with the Wind
Fri Jun 21 11:19:22 2024
: Added book: Catch-22
Fri Jun 21 11:19:22 2024
: Added book: The Handmaid's Tale
Fri Jun 21 11:19:22 2024
: Added book: Beloved
Fri Jun 21 11:19:22 2024
: Added book: The Road
Fri Jun 21 11:19:22 2024
: Added book: Slaughterhouse-Five
Fri Jun 21 11:19:22 2024
: Added book: A Clockwork Orange
Fri Jun 21 11:19:22 2024
: Added book: The Sound and the Fury
Fri Jun 21 11:19:22 2024
: Added book: Invisible Man
Fri Jun 21 11:19:22 2024
: Added book: The Catcher in the Rye
Fri Jun 21 11:19:22 2024
: Added book: Animal Farm
Fri Jun 21 11:19:22 2024
: Added book: Lord of the Flies
Fri Jun 21 11:19:22 2024
: Added book: The Adventures of Huckleberry Finn
Fri Jun 21 11:19:22 2024
: Added book: The Adventures of Tom Sawyer
Fri Jun 21 11:19:22 2024
: Added book: The Call of the Wild
Fri Jun 21 11:19:22 2024
: Added book: White Fang
Fri Jun 21 11:19:22 2024
: Added book: The Jungle
Fri Jun 21 11:19:22 2024
: Added book: The Scarlet Letter
Fri Jun 21 11:19:22 2024
: Added book: The Grapes of Wrath
Fri Jun 21 11:19:22 2024
: Added book: The Old Man and the Sea
Fri Jun 21 11:19:22 2024
: Added book: The Sun Also Rises
Fri Jun 21 11:19:22 2024
: Added book: For Whom the Bell Tolls
Fri Jun 21 11:19:22 2024
: Added book: One Hundred Years of Solitude
Fri Jun 21 11:19:22 2024
: Added book: Love in the Time of Cholera
Fri Jun 21 11:19:22 2024
: Added book: Ulysses
Fri Jun 21 11:19:22 2024
: Added book: Dubliners
Fri Jun 21 11:19:22 2024
: Added book: Moby-Dick
Fri Jun 21 11:19:22 2024
: Added book: The Iliad
Fri Jun 21 11:19:22 2024
: Added book: The Odyssey
Fri Jun 21 11:19:22 2024
: Added book: Pride and Prejudice
Fri Jun 21 11:19:22 2024
: Added book: Wuthering Heights
Fri Jun 21 11:19:22 2024
: Added book: Jane Eyre
Fri Jun 21 11:19:22 2024
: Added book: The Count of Monte Cristo
Fri Jun 21 11:19:22 2024
: Added book: Les Misérables
Fri Jun 21 11:19:22 2024
: Added book: A Tale of Two Cities
Fri Jun 21 11:19:22 2024
: Added book: Great Expectations
Fri Jun 21 11:19:22 2024
: Added book: David Copperfield
Fri Jun 21 11:19:22 2024
: Added book: Little Women
Fri Jun 21 11:19:22 2024
: Added book: Emma
Fri Jun 21 11:19:22 2024
: Added book: Sense and Sensibility
Fri Jun 21 11:19:22 2024
: Added book: Mansfield Park
Fri Jun 21 11:19:22 2024
: Added book: Northanger Abbey
Fri Jun 21 11:19:22 2024
: Added book: Persuasion
Fri Jun 21 11:19:22 2024
: Added book: Frankenstein
Fri Jun 21 11:19:22 2024
: Added book: Dracula
Fri Jun 21 11:19:22 2024
: Added book: The Picture of Dorian Gray
Fri Jun 21 11:19:22 2024
: Added book: Heart of Darkness
Fri Jun 21 11:19:22 2024
: Added book: The Brothers Karamazov
Fri Jun 21 11:19:22 2024
: Added book: Crime and Punishment
Fri Jun 21 11:19:22 2024
: Added book: Anna Karenina
Fri Jun 21 11:19:22 2024
: Added book: War and Peace
Fri Jun 21 11:19:22 2024
: Added book: The Metamorphosis
Fri Jun 21 11:19:22 2024
: Added book: The Trial
Fri Jun 21 11:19:22 2024
: Added book: The Stranger
Fri Jun 21 11:19:22 2024
: Added book: The Plague
Fri Jun 21 11:19:31 2024
: Added user: Alice
